# JRE version: OpenJDK Runtime Environment 18.9 (11.0.11+9) (build 11.0.11+9)
# Java VM: OpenJDK 64-Bit Server VM 18.9 (11.0.11+9, mixed mode, tiered, compressed oops, g1 gc, windows-amd64)
Heap:
 garbage-first heap   total 262144K, used 59903K [0x0000000740000000, 0x0000000800000000)
  region size 1024K, 2 young (2048K), 0 survivors (0K)
 Metaspace       used 61131K, capacity 62502K, committed 62600K, reserved 1103872K
  class space    used 7617K, capacity 8226K, committed 8320K, reserved 1048576K
GC Heap History (20 events):
Event: 16.193 GC heap after
{Heap after GC invocations=1 (full 0):
 garbage-first heap   total 262144K, used 17692K [0x0000000740000000, 0x0000000800000000)
  region size 1024K, 8 young (8192K), 8 survivors (8192K)
 Metaspace       used 12804K, capacity 13161K, committed 13440K, reserved 1060864K
  class space    used 1190K, capacity 1329K, committed 1408K, reserved 1048576K
}
Event: 22.265 GC heap before
{Heap before GC invocations=1 (full 0):
 garbage-first heap   total 262144K, used 65820K [0x0000000740000000, 0x0000000800000000)
  region size 1024K, 55 young (56320K), 8 survivors (8192K)
 Metaspace       used 20624K, capacity 21142K, committed 21296K, reserved 1069056K
  class space    used 1813K, capacity 2071K, committed 2176K, reserved 1048576K
}
Event: 22.280 GC heap after
{Heap after GC invocations=2 (full 0):
 garbage-first heap   total 262144K, used 23183K [0x0000000740000000, 0x0000000800000000)
  region size 1024K, 6 young (6144K), 6 survivors (6144K)
 Metaspace       used 20624K, capacity 21142K, committed 21296K, reserved 1069056K
  class space    used 1813K, capacity 2071K, committed 2176K, reserved 1048576K
}
Event: 28.377 GC heap before
{Heap before GC invocations=3 (full 0):
 garbage-first heap   total 262144K, used 83599K [0x0000000740000000, 0x0000000800000000)
  region size 1024K, 60 young (61440K), 6 survivors (6144K)
 Metaspace       used 32001K, capacity 32687K, committed 32944K, reserved 1079296K
  class space    used 3241K, capacity 3504K, committed 3584K, reserved 1048576K
}
Event: 28.386 GC heap after
{Heap after GC invocations=4 (full 0):
 garbage-first heap   total 262144K, used 32504K [0x0000000740000000, 0x0000000800000000)
  region size 1024K, 6 young (6144K), 6 survivors (6144K)
 Metaspace       used 32001K, capacity 32687K, committed 32944K, reserved 1079296K
  class space    used 3241K, capacity 3504K, committed 3584K, reserved 1048576K
}
Event: 28.787 GC heap before
{Heap before GC invocations=4 (full 0):
 garbage-first heap   total 262144K, used 87800K [0x0000000740000000, 0x0000000800000000)
  region size 1024K, 60 young (61440K), 6 survivors (6144K)
 Metaspace       used 32125K, capacity 32793K, committed 32944K, reserved 1079296K
  class space    used 3247K, capacity 3536K, committed 3584K, reserved 1048576K
}
Event: 28.793 GC heap after
{Heap after GC invocations=5 (full 0):
 garbage-first heap   total 262144K, used 30651K [0x0000000740000000, 0x0000000800000000)
  region size 1024K, 1 young (1024K), 1 survivors (1024K)
 Metaspace       used 32125K, capacity 32793K, committed 32944K, reserved 1079296K
  class space    used 3247K, capacity 3536K, committed 3584K, reserved 1048576K
}
Event: 29.637 GC heap before
{Heap before GC invocations=5 (full 0):
 garbage-first heap   total 262144K, used 58299K [0x0000000740000000, 0x0000000800000000)
  region size 1024K, 29 young (29696K), 1 survivors (1024K)
 Metaspace       used 35136K, capacity 35778K, committed 35920K, reserved 1081344K
  class space    used 3734K, capacity 3998K, committed 4096K, reserved 1048576K
}
Event: 29.641 GC heap after
{Heap after GC invocations=6 (full 0):
 garbage-first heap   total 262144K, used 30971K [0x0000000740000000, 0x0000000800000000)
  region size 1024K, 2 young (2048K), 2 survivors (2048K)
 Metaspace       used 35136K, capacity 35778K, committed 35920K, reserved 1081344K
  class space    used 3734K, capacity 3998K, committed 4096K, reserved 1048576K
}
Event: 49.093 GC heap before
{Heap before GC invocations=7 (full 0):
 garbage-first heap   total 262144K, used 89339K [0x0000000740000000, 0x0000000800000000)
  region size 1024K, 60 young (61440K), 2 survivors (2048K)
 Metaspace       used 45781K, capacity 46703K, committed 47056K, reserved 1091584K
  class space    used 5101K, capacity 5466K, committed 5504K, reserved 1048576K
}
Event: 49.100 GC heap after
{Heap after GC invocations=8 (full 0):
 garbage-first heap   total 262144K, used 38014K [0x0000000740000000, 0x0000000800000000)
  region size 1024K, 8 young (8192K), 8 survivors (8192K)
 Metaspace       used 45781K, capacity 46703K, committed 47056K, reserved 1091584K
  class space    used 5101K, capacity 5466K, committed 5504K, reserved 1048576K
}
Event: 52.441 GC heap before
{Heap before GC invocations=8 (full 0):
 garbage-first heap   total 262144K, used 91262K [0x0000000740000000, 0x0000000800000000)
  region size 1024K, 60 young (61440K), 8 survivors (8192K)
 Metaspace       used 51291K, capacity 52203K, committed 52304K, reserved 1095680K
  class space    used 5917K, capacity 6326K, committed 6400K, reserved 1048576K
}
Event: 52.452 GC heap after
{Heap after GC invocations=9 (full 0):
 garbage-first heap   total 262144K, used 43940K [0x0000000740000000, 0x0000000800000000)
  region size 1024K, 8 young (8192K), 8 survivors (8192K)
 Metaspace       used 51291K, capacity 52203K, committed 52304K, reserved 1095680K
  class space    used 5917K, capacity 6326K, committed 6400K, reserved 1048576K
}
Event: 56.069 GC heap before
{Heap before GC invocations=9 (full 0):
 garbage-first heap   total 262144K, used 97188K [0x0000000740000000, 0x0000000800000000)
  region size 1024K, 60 young (61440K), 8 survivors (8192K)
 Metaspace       used 53453K, capacity 54345K, committed 54480K, reserved 1097728K
  class space    used 6320K, capacity 6710K, committed 6784K, reserved 1048576K
}
Event: 56.075 GC heap after
{Heap after GC invocations=10 (full 0):
 garbage-first heap   total 262144K, used 45843K [0x0000000740000000, 0x0000000800000000)
  region size 1024K, 6 young (6144K), 6 survivors (6144K)
 Metaspace       used 53453K, capacity 54345K, committed 54480K, reserved 1097728K
  class space    used 6320K, capacity 6710K, committed 6784K, reserved 1048576K
}
Event: 60.570 GC heap before
{Heap before GC invocations=10 (full 0):
 garbage-first heap   total 262144K, used 111379K [0x0000000740000000, 0x0000000800000000)
  region size 1024K, 60 young (61440K), 6 survivors (6144K)
 Metaspace       used 58804K, capacity 59972K, committed 60112K, reserved 1101824K
  class space    used 7240K, capacity 7757K, committed 7808K, reserved 1048576K
}
Event: 60.585 GC heap after
{Heap after GC invocations=11 (full 0):
 garbage-first heap   total 262144K, used 68716K [0x0000000740000000, 0x0000000800000000)
  region size 1024K, 8 young (8192K), 8 survivors (8192K)
 Metaspace       used 58804K, capacity 59972K, committed 60112K, reserved 1101824K
  class space    used 7240K, capacity 7757K, committed 7808K, reserved 1048576K
}
Event: 60.865 GC heap before
{Heap before GC invocations=11 (full 0):
 garbage-first heap   total 262144K, used 71788K [0x0000000740000000, 0x0000000800000000)
  region size 1024K, 13 young (13312K), 8 survivors (8192K)
 Metaspace       used 59066K, capacity 60230K, committed 60296K, reserved 1101824K
  class space    used 7284K, capacity 7806K, committed 7808K, reserved 1048576K
}
Event: 60.880 GC heap after
{Heap after GC invocations=12 (full 0):
 garbage-first heap   total 262144K, used 69147K [0x0000000740000000, 0x0000000800000000)
  region size 1024K, 2 young (2048K), 2 survivors (2048K)
 Metaspace       used 59066K, capacity 60230K, committed 60296K, reserved 1101824K
  class space    used 7284K, capacity 7806K, committed 7808K, reserved 1048576K
}
Event: 64.106 GC heap before
{Heap before GC invocations=13 (full 0):
 garbage-first heap   total 262144K, used 81435K [0x0000000740000000, 0x0000000800000000)
  region size 1024K, 17 young (17408K), 2 survivors (2048K)
 Metaspace       used 61122K, capacity 62438K, committed 62600K, reserved 1103872K
  class space    used 7617K, capacity 8226K, committed 8320K, reserved 1048576K
}

